<?xml version="1.0" encoding="UTF-8"?>
<!-- Generated by org.testng.reporters.JUnitReportReporter -->
<testsuite hostname="DESKTOP-2DBDLS4" failures="0" tests="1" name="com.omrbranch.runner.TestRunner" time="0.181" errors="0" timestamp="19 Aug 2023 10:15:44 GMT" skipped="0">
  <testcase classname="com.omrbranch.runner.TestRunner" name="isLogoVisible" time="0.181"/>
</testsuite> <!-- com.omrbranch.runner.TestRunner -->
