<?xml version="1.0" encoding="UTF-8"?>
<!-- Generated by org.testng.reporters.JUnitReportReporter -->
<testsuite hostname="DESKTOP-2DBDLS4" failures="0" tests="2" name="com.orangehrm.runner.TestRunner" time="0.006" errors="0" timestamp="19 Aug 2023 05:04:39 GMT" skipped="0">
  <testcase classname="com.orangehrm.runner.TestRunner" name="isLogoVisible" time="0.006"/>
  <testcase classname="com.orangehrm.runner.TestRunner" name="isLogoVisible1" time="0.000"/>
</testsuite> <!-- com.orangehrm.runner.TestRunner -->
